# JRE version: OpenJDK Runtime Environment Temurin-21.0.9+10 (21.0.9+10) (build 21.0.9+10-LTS)
# Java VM: OpenJDK 64-Bit Server VM Temurin-21.0.9+10 (21.0.9+10-LTS, mixed mode, sharing, tiered, compressed oops, compressed class ptrs, parallel gc, windows-amd64)
GC Precious Log:
 CardTable entry size: 512
 CPUs: 8 total, 8 available
 Memory: 8035M
 Large Page Support: Disabled
 NUMA Support: Disabled
 Compressed Oops: Enabled (32-bit)
 Alignments: Space 512K, Generation 512K, Heap 2M
 Heap Min Capacity: 100M
 Heap Initial Capacity: 100M
 Heap Max Capacity: 2G
 Pre-touch: Disabled
 Parallel Workers: 8
Heap:
 PSYoungGen      total 5632K, used 896K [0x00000000d5580000, 0x00000000d5c00000, 0x0000000100000000)
  eden space 5120K, 12% used [0x00000000d5580000,0x00000000d5620228,0x00000000d5a80000)
  from space 512K, 50% used [0x00000000d5b80000,0x00000000d5bc0000,0x00000000d5c00000)
  to   space 512K, 0% used [0x00000000d5b00000,0x00000000d5b00000,0x00000000d5b80000)
 ParOldGen       total 852480K, used 852002K [0x0000000080000000, 0x00000000b4080000, 0x00000000d5580000)
  object space 852480K, 99% used [0x0000000080000000,0x00000000b40088b0,0x00000000b4080000)
 Metaspace       used 92900K, committed 94848K, reserved 1179648K
  class space    used 9432K, committed 10304K, reserved 1048576K
GC Heap History (20 events):
Event: 990.208 GC heap before
{Heap before GC invocations=3010 (full 8):
 PSYoungGen      total 3072K, used 3066K [0x00000000d5580000, 0x00000000d5f00000, 0x0000000100000000)
  eden space 1024K, 99% used [0x00000000d5580000,0x00000000d567eb48,0x00000000d5680000)
  from space 2048K, 100% used [0x00000000d5a00000,0x00000000d5c00000,0x00000000d5c00000)
  to   space 3584K, 0% used [0x00000000d5680000,0x00000000d5680000,0x00000000d5a00000)
 ParOldGen       total 803840K, used 803813K [0x0000000080000000, 0x00000000b1100000, 0x00000000d5580000)
  object space 803840K, 99% used [0x0000000080000000,0x00000000b10f9658,0x00000000b1100000)
 Metaspace       used 92875K, committed 94784K, reserved 1179648K
  class space    used 9432K, committed 10304K, reserved 1048576K
}
Event: 990.212 GC heap after
{Heap after GC invocations=3010 (full 8):
 PSYoungGen      total 1536K, used 384K [0x00000000d5580000, 0x00000000d5a80000, 0x0000000100000000)
  eden space 1024K, 0% used [0x00000000d5580000,0x00000000d5580000,0x00000000d5680000)
  from space 512K, 75% used [0x00000000d5680000,0x00000000d56e0010,0x00000000d5700000)
  to   space 1536K, 0% used [0x00000000d5900000,0x00000000d5900000,0x00000000d5a80000)
 ParOldGen       total 807936K, used 807909K [0x0000000080000000, 0x00000000b1500000, 0x00000000d5580000)
  object space 807936K, 99% used [0x0000000080000000,0x00000000b14f9658,0x00000000b1500000)
 Metaspace       used 92875K, committed 94784K, reserved 1179648K
  class space    used 9432K, committed 10304K, reserved 1048576K
}
Event: 990.219 GC heap before
{Heap before GC invocations=3011 (full 8):
 PSYoungGen      total 1536K, used 1387K [0x00000000d5580000, 0x00000000d5a80000, 0x0000000100000000)
  eden space 1024K, 98% used [0x00000000d5580000,0x00000000d567aed8,0x00000000d5680000)
  from space 512K, 75% used [0x00000000d5680000,0x00000000d56e0010,0x00000000d5700000)
  to   space 1536K, 0% used [0x00000000d5900000,0x00000000d5900000,0x00000000d5a80000)
 ParOldGen       total 808960K, used 808808K [0x0000000080000000, 0x00000000b1600000, 0x00000000d5580000)
  object space 808960K, 99% used [0x0000000080000000,0x00000000b15da3b8,0x00000000b1600000)
 Metaspace       used 92877K, committed 94784K, reserved 1179648K
  class space    used 9432K, committed 10304K, reserved 1048576K
}
Event: 990.220 GC heap after
{Heap after GC invocations=3011 (full 8):
 PSYoungGen      total 2560K, used 810K [0x00000000d5580000, 0x00000000d5a00000, 0x0000000100000000)
  eden space 1536K, 0% used [0x00000000d5580000,0x00000000d5580000,0x00000000d5700000)
  from space 1024K, 79% used [0x00000000d5900000,0x00000000d59ca880,0x00000000d5a00000)
  to   space 1024K, 0% used [0x00000000d5800000,0x00000000d5800000,0x00000000d5900000)
 ParOldGen       total 809472K, used 809048K [0x0000000080000000, 0x00000000b1680000, 0x00000000d5580000)
  object space 809472K, 99% used [0x0000000080000000,0x00000000b16163e8,0x00000000b1680000)
 Metaspace       used 92877K, committed 94784K, reserved 1179648K
  class space    used 9432K, committed 10304K, reserved 1048576K
}
Event: 990.225 GC heap before
{Heap before GC invocations=3012 (full 8):
 PSYoungGen      total 2560K, used 2237K [0x00000000d5580000, 0x00000000d5a00000, 0x0000000100000000)
  eden space 1536K, 92% used [0x00000000d5580000,0x00000000d56e4c38,0x00000000d5700000)
  from space 1024K, 79% used [0x00000000d5900000,0x00000000d59ca880,0x00000000d5a00000)
  to   space 1024K, 0% used [0x00000000d5800000,0x00000000d5800000,0x00000000d5900000)
 ParOldGen       total 809472K, used 809048K [0x0000000080000000, 0x00000000b1680000, 0x00000000d5580000)
  object space 809472K, 99% used [0x0000000080000000,0x00000000b16163e8,0x00000000b1680000)
 Metaspace       used 92877K, committed 94784K, reserved 1179648K
  class space    used 9432K, committed 10304K, reserved 1048576K
}
Event: 990.227 GC heap after
{Heap after GC invocations=3012 (full 8):
 PSYoungGen      total 3072K, used 1021K [0x00000000d5580000, 0x00000000d5c80000, 0x0000000100000000)
  eden space 2048K, 0% used [0x00000000d5580000,0x00000000d5580000,0x00000000d5780000)
  from space 1024K, 99% used [0x00000000d5800000,0x00000000d58ff7c0,0x00000000d5900000)
  to   space 2560K, 0% used [0x00000000d5a00000,0x00000000d5a00000,0x00000000d5c80000)
 ParOldGen       total 810496K, used 810163K [0x0000000080000000, 0x00000000b1780000, 0x00000000d5580000)
  object space 810496K, 99% used [0x0000000080000000,0x00000000b172cce0,0x00000000b1780000)
 Metaspace       used 92877K, committed 94784K, reserved 1179648K
  class space    used 9432K, committed 10304K, reserved 1048576K
}
Event: 990.231 GC heap before
{Heap before GC invocations=3013 (full 8):
 PSYoungGen      total 3072K, used 3069K [0x00000000d5580000, 0x00000000d5c80000, 0x0000000100000000)
  eden space 2048K, 100% used [0x00000000d5580000,0x00000000d5780000,0x00000000d5780000)
  from space 1024K, 99% used [0x00000000d5800000,0x00000000d58ff7c0,0x00000000d5900000)
  to   space 2560K, 0% used [0x00000000d5a00000,0x00000000d5a00000,0x00000000d5c80000)
 ParOldGen       total 810496K, used 810163K [0x0000000080000000, 0x00000000b1780000, 0x00000000d5580000)
  object space 810496K, 99% used [0x0000000080000000,0x00000000b172cce0,0x00000000b1780000)
 Metaspace       used 92877K, committed 94784K, reserved 1179648K
  class space    used 9432K, committed 10304K, reserved 1048576K
}
Event: 990.233 GC heap after
{Heap after GC invocations=3013 (full 8):
 PSYoungGen      total 4608K, used 1802K [0x00000000d5580000, 0x00000000d5c00000, 0x0000000100000000)
  eden space 2560K, 0% used [0x00000000d5580000,0x00000000d5580000,0x00000000d5800000)
  from space 2048K, 88% used [0x00000000d5a00000,0x00000000d5bc2b10,0x00000000d5c00000)
  to   space 2048K, 0% used [0x00000000d5800000,0x00000000d5800000,0x00000000d5a00000)
 ParOldGen       total 811520K, used 811153K [0x0000000080000000, 0x00000000b1880000, 0x00000000d5580000)
  object space 811520K, 99% used [0x0000000080000000,0x00000000b18244e0,0x00000000b1880000)
 Metaspace       used 92877K, committed 94784K, reserved 1179648K
  class space    used 9432K, committed 10304K, reserved 1048576K
}
Event: 990.238 GC heap before
{Heap before GC invocations=3014 (full 8):
 PSYoungGen      total 4608K, used 4362K [0x00000000d5580000, 0x00000000d5c00000, 0x0000000100000000)
  eden space 2560K, 99% used [0x00000000d5580000,0x00000000d57ffff8,0x00000000d5800000)
  from space 2048K, 88% used [0x00000000d5a00000,0x00000000d5bc2b10,0x00000000d5c00000)
  to   space 2048K, 0% used [0x00000000d5800000,0x00000000d5800000,0x00000000d5a00000)
 ParOldGen       total 811520K, used 811153K [0x0000000080000000, 0x00000000b1880000, 0x00000000d5580000)
  object space 811520K, 99% used [0x0000000080000000,0x00000000b18244e0,0x00000000b1880000)
 Metaspace       used 92877K, committed 94784K, reserved 1179648K
  class space    used 9432K, committed 10304K, reserved 1048576K
}
Event: 990.243 GC heap after
{Heap after GC invocations=3014 (full 8):
 PSYoungGen      total 4608K, used 2048K [0x00000000d5580000, 0x00000000d5f80000, 0x0000000100000000)
  eden space 2560K, 0% used [0x00000000d5580000,0x00000000d5580000,0x00000000d5800000)
  from space 2048K, 100% used [0x00000000d5800000,0x00000000d5a00000,0x00000000d5a00000)
  to   space 3584K, 0% used [0x00000000d5c00000,0x00000000d5c00000,0x00000000d5f80000)
 ParOldGen       total 812544K, used 812422K [0x0000000080000000, 0x00000000b1980000, 0x00000000d5580000)
  object space 812544K, 99% used [0x0000000080000000,0x00000000b1961870,0x00000000b1980000)
 Metaspace       used 92877K, committed 94784K, reserved 1179648K
  class space    used 9432K, committed 10304K, reserved 1048576K
}
Event: 990.248 GC heap before
{Heap before GC invocations=3015 (full 8):
 PSYoungGen      total 4608K, used 4608K [0x00000000d5580000, 0x00000000d5f80000, 0x0000000100000000)
  eden space 2560K, 100% used [0x00000000d5580000,0x00000000d5800000,0x00000000d5800000)
  from space 2048K, 100% used [0x00000000d5800000,0x00000000d5a00000,0x00000000d5a00000)
  to   space 3584K, 0% used [0x00000000d5c00000,0x00000000d5c00000,0x00000000d5f80000)
 ParOldGen       total 812544K, used 812422K [0x0000000080000000, 0x00000000b1980000, 0x00000000d5580000)
  object space 812544K, 99% used [0x0000000080000000,0x00000000b1961870,0x00000000b1980000)
 Metaspace       used 92878K, committed 94784K, reserved 1179648K
  class space    used 9432K, committed 10304K, reserved 1048576K
}
Event: 990.253 GC heap after
{Heap after GC invocations=3015 (full 8):
 PSYoungGen      total 6144K, used 2592K [0x00000000d5580000, 0x00000000d5f00000, 0x0000000100000000)
  eden space 3072K, 0% used [0x00000000d5580000,0x00000000d5580000,0x00000000d5880000)
  from space 3072K, 84% used [0x00000000d5c00000,0x00000000d5e88000,0x00000000d5f00000)
  to   space 3072K, 0% used [0x00000000d5900000,0x00000000d5900000,0x00000000d5c00000)
 ParOldGen       total 814592K, used 814494K [0x0000000080000000, 0x00000000b1b80000, 0x00000000d5580000)
  object space 814592K, 99% used [0x0000000080000000,0x00000000b1b67870,0x00000000b1b80000)
 Metaspace       used 92878K, committed 94784K, reserved 1179648K
  class space    used 9432K, committed 10304K, reserved 1048576K
}
Event: 990.258 GC heap before
{Heap before GC invocations=3016 (full 8):
 PSYoungGen      total 6144K, used 5663K [0x00000000d5580000, 0x00000000d5f00000, 0x0000000100000000)
  eden space 3072K, 99% used [0x00000000d5580000,0x00000000d587fff8,0x00000000d5880000)
  from space 3072K, 84% used [0x00000000d5c00000,0x00000000d5e88000,0x00000000d5f00000)
  to   space 3072K, 0% used [0x00000000d5900000,0x00000000d5900000,0x00000000d5c00000)
 ParOldGen       total 814592K, used 814494K [0x0000000080000000, 0x00000000b1b80000, 0x00000000d5580000)
  object space 814592K, 99% used [0x0000000080000000,0x00000000b1b67870,0x00000000b1b80000)
 Metaspace       used 92879K, committed 94784K, reserved 1179648K
  class space    used 9432K, committed 10304K, reserved 1048576K
}
Event: 990.263 GC heap after
{Heap after GC invocations=3016 (full 8):
 PSYoungGen      total 6656K, used 2464K [0x00000000d5580000, 0x00000000d5e80000, 0x0000000100000000)
  eden space 3584K, 0% used [0x00000000d5580000,0x00000000d5580000,0x00000000d5900000)
  from space 3072K, 80% used [0x00000000d5900000,0x00000000d5b68000,0x00000000d5c00000)
  to   space 2560K, 0% used [0x00000000d5c00000,0x00000000d5c00000,0x00000000d5e80000)
 ParOldGen       total 817152K, used 816958K [0x0000000080000000, 0x00000000b1e00000, 0x00000000d5580000)
  object space 817152K, 99% used [0x0000000080000000,0x00000000b1dcf870,0x00000000b1e00000)
 Metaspace       used 92879K, committed 94784K, reserved 1179648K
  class space    used 9432K, committed 10304K, reserved 1048576K
}
Event: 990.298 GC heap before
{Heap before GC invocations=3017 (full 8):
 PSYoungGen      total 6656K, used 6048K [0x00000000d5580000, 0x00000000d5e80000, 0x0000000100000000)
  eden space 3584K, 100% used [0x00000000d5580000,0x00000000d5900000,0x00000000d5900000)
  from space 3072K, 80% used [0x00000000d5900000,0x00000000d5b68000,0x00000000d5c00000)
  to   space 2560K, 0% used [0x00000000d5c00000,0x00000000d5c00000,0x00000000d5e80000)
 ParOldGen       total 848896K, used 847678K [0x0000000080000000, 0x00000000b3d00000, 0x00000000d5580000)
  object space 848896K, 99% used [0x0000000080000000,0x00000000b3bcf8a0,0x00000000b3d00000)
 Metaspace       used 92879K, committed 94784K, reserved 1179648K
  class space    used 9432K, committed 10304K, reserved 1048576K
}
Event: 990.302 GC heap after
{Heap after GC invocations=3017 (full 8):
 PSYoungGen      total 6656K, used 2048K [0x00000000d5580000, 0x00000000d5f00000, 0x0000000100000000)
  eden space 4096K, 0% used [0x00000000d5580000,0x00000000d5580000,0x00000000d5980000)
  from space 2560K, 80% used [0x00000000d5c00000,0x00000000d5e00000,0x00000000d5e80000)
  to   space 2560K, 0% used [0x00000000d5980000,0x00000000d5980000,0x00000000d5c00000)
 ParOldGen       total 850432K, used 850018K [0x0000000080000000, 0x00000000b3e80000, 0x00000000d5580000)
  object space 850432K, 99% used [0x0000000080000000,0x00000000b3e188b0,0x00000000b3e80000)
 Metaspace       used 92879K, committed 94784K, reserved 1179648K
  class space    used 9432K, committed 10304K, reserved 1048576K
}
Event: 990.769 GC heap before
{Heap before GC invocations=3018 (full 8):
 PSYoungGen      total 6656K, used 6144K [0x00000000d5580000, 0x00000000d5f00000, 0x0000000100000000)
  eden space 4096K, 100% used [0x00000000d5580000,0x00000000d5980000,0x00000000d5980000)
  from space 2560K, 80% used [0x00000000d5c00000,0x00000000d5e00000,0x00000000d5e80000)
  to   space 2560K, 0% used [0x00000000d5980000,0x00000000d5980000,0x00000000d5c00000)
 ParOldGen       total 850432K, used 850018K [0x0000000080000000, 0x00000000b3e80000, 0x00000000d5580000)
  object space 850432K, 99% used [0x0000000080000000,0x00000000b3e188b0,0x00000000b3e80000)
 Metaspace       used 92879K, committed 94784K, reserved 1179648K
  class space    used 9432K, committed 10304K, reserved 1048576K
}
Event: 990.773 GC heap after
{Heap after GC invocations=3018 (full 8):
 PSYoungGen      total 4608K, used 340K [0x00000000d5580000, 0x00000000d5c80000, 0x0000000100000000)
  eden space 4096K, 0% used [0x00000000d5580000,0x00000000d5580000,0x00000000d5980000)
  from space 512K, 66% used [0x00000000d5980000,0x00000000d59d5200,0x00000000d5a00000)
  to   space 1024K, 0% used [0x00000000d5b80000,0x00000000d5b80000,0x00000000d5c80000)
 ParOldGen       total 851968K, used 851946K [0x0000000080000000, 0x00000000b4000000, 0x00000000d5580000)
  object space 851968K, 99% used [0x0000000080000000,0x00000000b3ffa8b0,0x00000000b4000000)
 Metaspace       used 92879K, committed 94784K, reserved 1179648K
  class space    used 9432K, committed 10304K, reserved 1048576K
}
Event: 1271.683 GC heap before
{Heap before GC invocations=3019 (full 8):
 PSYoungGen      total 4608K, used 4436K [0x00000000d5580000, 0x00000000d5c80000, 0x0000000100000000)
  eden space 4096K, 100% used [0x00000000d5580000,0x00000000d5980000,0x00000000d5980000)
  from space 512K, 66% used [0x00000000d5980000,0x00000000d59d5200,0x00000000d5a00000)
  to   space 1024K, 0% used [0x00000000d5b80000,0x00000000d5b80000,0x00000000d5c80000)
 ParOldGen       total 851968K, used 851946K [0x0000000080000000, 0x00000000b4000000, 0x00000000d5580000)
  object space 851968K, 99% used [0x0000000080000000,0x00000000b3ffa8b0,0x00000000b4000000)
 Metaspace       used 92892K, committed 94848K, reserved 1179648K
  class space    used 9432K, committed 10304K, reserved 1048576K
}
Event: 1272.445 GC heap after
{Heap after GC invocations=3019 (full 8):
 PSYoungGen      total 5632K, used 256K [0x00000000d5580000, 0x00000000d5c00000, 0x0000000100000000)
  eden space 5120K, 0% used [0x00000000d5580000,0x00000000d5580000,0x00000000d5a80000)
  from space 512K, 50% used [0x00000000d5b80000,0x00000000d5bc0000,0x00000000d5c00000)
  to   space 512K, 0% used [0x00000000d5b00000,0x00000000d5b00000,0x00000000d5b80000)
 ParOldGen       total 852480K, used 852002K [0x0000000080000000, 0x00000000b4080000, 0x00000000d5580000)
  object space 852480K, 99% used [0x0000000080000000,0x00000000b40088b0,0x00000000b4080000)
 Metaspace       used 92892K, committed 94848K, reserved 1179648K
  class space    used 9432K, committed 10304K, reserved 1048576K
}

